Traveler #1, Mickey: 8.77 seconds
*shudder*

Traveler #2, Ness-Smith: 201.50 seconds
Um, did something move in there?

Traveler #3, Torque: 22.63 seconds
*shudder*

Traveler #4, Mike: 1.48 seconds
Barely noticed it!

Traveler #5, Marcos: 3.86 seconds
Barely noticed it!

Traveler #6, SteVen: 1.87 seconds
Barely noticed it!

Traveler #7, Ness-Smith: 4.47 seconds
Barely noticed it!

Traveler #8, Torque: 1.82 seconds
Barely noticed it!

Traveler #9, Mickey: 1.82 seconds
Barely noticed it!

Traveler #10, a------------------a: 1.21 seconds
Barely noticed it!

Traveler #11, Mike: 1.44 seconds
Barely noticed it!

Traveler #12, Glenn: 1.11 seconds
Barely noticed it!

Traveler #13, Torque: 1.89 seconds
Barely noticed it!

Traveler #14, SteVen: 3.51 seconds
Barely noticed it!

Traveler #15, Glenn: 1.04 seconds
Barely noticed it!

Traveler #16, aaaaaaaaaaaaaaaaaaaa: 1.73 seconds
Barely noticed it!

Traveler #17, R-----------a: 1.23 seconds
Barely noticed it!

Traveler #18, Marcos: 3.81 seconds
Barely noticed it!

Traveler #19, Glenn: 8.36 seconds
*shudder*

Traveler #20, R-----------a: 6.83 seconds
*shudder*

Traveler #21, Torque: 1.07 seconds
Barely noticed it!

Traveler #22, aaaaaaaaaaaaaaaaaaaa: 3.14 seconds
Barely noticed it!

Traveler #23, R-----------a: 1.57 seconds
Barely noticed it!

Traveler #24, R-----------a: 2.03 seconds
Barely noticed it!

Traveler #25, Torque: 4.08 seconds
Barely noticed it!

Traveler #26, Torque: 0.99 seconds
Barely noticed it!

Traveler #27, R-----------a: 2.45 seconds
Barely noticed it!

Traveler #28, aaaaaaaaaaaaaaaaaaaa: 0.98 seconds
Barely noticed it!

Traveler #29, aaaaaaaaaaaaaaaaaaaa: 5.23 seconds
*shudder*

Traveler #30, Glenn: 1.50 seconds
Barely noticed it!

Traveler #31, Mike: 2.19 seconds
Barely noticed it!

Traveler #32, Glenn: 2.30 seconds
Barely noticed it!

Traveler #33, a------------------a: 1.16 seconds
Barely noticed it!

Traveler #34, Mike: 1.00 seconds
Barely noticed it!

Traveler #35, aaaaaaaaaaaaaaaaaaaa: 1.25 seconds
Barely noticed it!

Traveler #36, Mickey: 2.46 seconds
Barely noticed it!

Traveler #37, SteVen: 1.27 seconds
Barely noticed it!

Traveler #38, Nick: 1.46 seconds
Barely noticed it!

Traveler #39, a------------------a: 1.43 seconds
Barely noticed it!

Traveler #40, a------------------a: 1.07 seconds
Barely noticed it!

Traveler #41, Glenn: 1.16 seconds
Barely noticed it!

Traveler #42, Nick: 17.65 seconds
*shudder*

Traveler #43, SteVen: 3.00 seconds
Barely noticed it!

Traveler #44, a------------------a: 4.19 seconds
Barely noticed it!

Traveler #45, aaaaaaaaaaaaaaaaaaaa: 3.33 seconds
Barely noticed it!

Traveler #46, aaaaaaaaaaaaaaaaaaaa: 1.04 seconds
Barely noticed it!

Traveler #47, SteVen: 1.25 seconds
Barely noticed it!

Traveler #48, Mike: 2.34 seconds
Barely noticed it!

Traveler #49, Torque: 1.61 seconds
Barely noticed it!

Traveler #50, SteVen: 1.47 seconds
Barely noticed it!

Traveler #51, Marcos: 1.05 seconds
Barely noticed it!

Traveler #52, Stephen: 2.17 seconds
Barely noticed it!

Traveler #53, SteVen: 1.45 seconds
Barely noticed it!

Traveler #54, Ness-Smith: 1.09 seconds
Barely noticed it!

Traveler #55, SteVen: 32.61 seconds
My heart is pounding.

Traveler #56, Mike: 3.51 seconds
Barely noticed it!

Traveler #57, a------------------a: 6.06 seconds
*shudder*

Traveler #58, Stephen: 2.51 seconds
Barely noticed it!

Traveler #59, Mike: 1.06 seconds
Barely noticed it!

Traveler #60, Stephen: 1.78 seconds
Barely noticed it!

Traveler #61, SteVen: 1.76 seconds
Barely noticed it!

Traveler #62, R-----------a: 1.23 seconds
Barely noticed it!

Traveler #63, aaaaaaaaaaaaaaaaaaaa: 1.17 seconds
Barely noticed it!

Traveler #64, Torque: 3.05 seconds
Barely noticed it!

Traveler #65, Mike: 53.75 seconds
My heart is pounding.

Traveler #66, Glenn: 0.99 seconds
Barely noticed it!

Traveler #67, Marcos: 1.34 seconds
Barely noticed it!

Traveler #68, a------------------a: 26.35 seconds
*shudder*

Traveler #69, Torque: 3.14 seconds
Barely noticed it!

Traveler #70, Ness-Smith: 3.11 seconds
Barely noticed it!

Traveler #71, Mike: 1.50 seconds
Barely noticed it!

Traveler #72, a------------------a: 2.19 seconds
Barely noticed it!

Traveler #73, a------------------a: 1.41 seconds
Barely noticed it!

Traveler #74, aaaaaaaaaaaaaaaaaaaa: 1.99 seconds
Barely noticed it!

Traveler #75, Torque: 1.58 seconds
Barely noticed it!

Traveler #76, R-----------a: 3.39 seconds
Barely noticed it!

Traveler #77, Mike: 3.43 seconds
Barely noticed it!

Traveler #78, Marcos: 2.33 seconds
Barely noticed it!

Traveler #79, Torque: 1.64 seconds
Barely noticed it!

Traveler #80, Stephen: 1.99 seconds
Barely noticed it!

Traveler #81, Stephen: 4.01 seconds
Barely noticed it!

Traveler #82, Marcos: 2.17 seconds
Barely noticed it!

Traveler #83, Mike: 22.04 seconds
*shudder*

Traveler #84, Mike: 1.55 seconds
Barely noticed it!

Traveler #85, Glenn: 14.27 seconds
*shudder*

Traveler #86, SteVen: 3.55 seconds
Barely noticed it!

Traveler #87, Stephen: 2.23 seconds
Barely noticed it!

Traveler #88, a------------------a: 1.42 seconds
Barely noticed it!

Traveler #89, Nick: 1.08 seconds
Barely noticed it!

Traveler #90, Torque: 4.50 seconds
Barely noticed it!

Traveler #91, Mike: 1.77 seconds
Barely noticed it!

Traveler #92, aaaaaaaaaaaaaaaaaaaa: 184.62 seconds
Um, did something move in there?

Traveler #93, Torque: 3.75 seconds
Barely noticed it!

Traveler #94, Torque: 7.41 seconds
*shudder*

Traveler #95, Stephen: 1.46 seconds
Barely noticed it!

Traveler #96, Nick: 1.16 seconds
Barely noticed it!

Traveler #97, Nick: 2.89 seconds
Barely noticed it!

Traveler #98, Stephen: 1.16 seconds
Barely noticed it!

Traveler #99, Marcos: 10.21 seconds
*shudder*

Traveler #100, Mike: 1.32 seconds
Barely noticed it!

Traveler #101, Torque: 2.43 seconds
Barely noticed it!

Traveler #102, Glenn: 1.05 seconds
Barely noticed it!

Traveler #103, Stephen: 3.34 seconds
Barely noticed it!

Traveler #104, Marcos: 1.17 seconds
Barely noticed it!

Traveler #105, R-----------a: 2.28 seconds
Barely noticed it!

Traveler #106, R-----------a: 40.36 seconds
My heart is pounding.

Traveler #107, Nick: 7.20 seconds
*shudder*

Traveler #108, aaaaaaaaaaaaaaaaaaaa: 1.38 seconds
Barely noticed it!

Traveler #109, Stephen: 1.43 seconds
Barely noticed it!

Traveler #110, Stephen: 0.98 seconds
Barely noticed it!

Traveler #111, Nick: 9.02 seconds
*shudder*

Traveler #112, Stephen: 1.20 seconds
Barely noticed it!

Traveler #113, Ness-Smith: 1.05 seconds
Barely noticed it!

Traveler #114, Torque: 1.13 seconds
Barely noticed it!

Traveler #115, Stephen: 2.08 seconds
Barely noticed it!

Traveler #116, R-----------a: 7.01 seconds
*shudder*

Traveler #117, Mickey: 1.32 seconds
Barely noticed it!

Traveler #118, a------------------a: 50.65 seconds
My heart is pounding.

Traveler #119, Torque: 2.19 seconds
Barely noticed it!

Traveler #120, Marcos: 1.24 seconds
Barely noticed it!

Traveler #121, a------------------a: 2.17 seconds
Barely noticed it!

Traveler #122, Torque: 2.70 seconds
Barely noticed it!

Traveler #123, Glenn: 2.22 seconds
Barely noticed it!

Traveler #124, R-----------a: 2.22 seconds
Barely noticed it!

Traveler #125, Marcos: 1.35 seconds
Barely noticed it!

Traveler #126, aaaaaaaaaaaaaaaaaaaa: 2.26 seconds
Barely noticed it!

Traveler #127, a------------------a: 1.06 seconds
Barely noticed it!

Traveler #128, Marcos: 14.55 seconds
*shudder*

Traveler #129, R-----------a: 1.61 seconds
Barely noticed it!

Traveler #130, Stephen: 80.03 seconds
Um, did something move in there?

Traveler #131, Stephen: 1.43 seconds
Barely noticed it!

Traveler #132, SteVen: 1.21 seconds
Barely noticed it!

Traveler #133, a------------------a: 2.70 seconds
Barely noticed it!

Traveler #134, Mickey: 1.01 seconds
Barely noticed it!

Traveler #135, Stephen: 3.14 seconds
Barely noticed it!

Traveler #136, R-----------a: 8.72 seconds
*shudder*

Traveler #137, SteVen: 1.27 seconds
Barely noticed it!

Traveler #138, Glenn: 1.86 seconds
Barely noticed it!

Traveler #139, a------------------a: 2.44 seconds
Barely noticed it!

Traveler #140, Mike: 1.01 seconds
Barely noticed it!

Traveler #141, Torque: 339.64 seconds
Mommy, I want my blanket!

Traveler #142, Mickey: 2.18 seconds
Barely noticed it!

Traveler #143, Nick: 2.17 seconds
Barely noticed it!

Traveler #144, Torque: 1.29 seconds
Barely noticed it!

Traveler #145, Glenn: 1.26 seconds
Barely noticed it!

Traveler #146, Glenn: 1.45 seconds
Barely noticed it!

Traveler #147, Ness-Smith: 1.58 seconds
Barely noticed it!

Traveler #148, Marcos: 8.00 seconds
*shudder*

Traveler #149, Stephen: 2.15 seconds
Barely noticed it!

Traveler #150, Ness-Smith: 1.11 seconds
Barely noticed it!

Traveler #151, Mike: 1.86 seconds
Barely noticed it!

Traveler #152, Torque: 23.19 seconds
*shudder*

Traveler #153, Nick: 8.80 seconds
*shudder*

Traveler #154, Nick: 1.27 seconds
Barely noticed it!

Traveler #155, Marcos: 1.10 seconds
Barely noticed it!

Traveler #156, Ness-Smith: 1.55 seconds
Barely noticed it!

Traveler #157, aaaaaaaaaaaaaaaaaaaa: 1.12 seconds
Barely noticed it!

Traveler #158, a------------------a: 1.23 seconds
Barely noticed it!

Traveler #159, Glenn: 3.13 seconds
Barely noticed it!

Traveler #160, a------------------a: 1.08 seconds
Barely noticed it!

Traveler #161, SteVen: 1.37 seconds
Barely noticed it!

Traveler #162, Stephen: 3.05 seconds
Barely noticed it!

Traveler #163, Stephen: 1.04 seconds
Barely noticed it!

Traveler #164, Mike: 1.84 seconds
Barely noticed it!

Traveler #165, Ness-Smith: 1.81 seconds
Barely noticed it!

Traveler #166, Stephen: 1.85 seconds
Barely noticed it!

Traveler #167, Mike: 10.47 seconds
*shudder*

Traveler #168, R-----------a: 1.70 seconds
Barely noticed it!

Traveler #169, Mickey: 1.44 seconds
Barely noticed it!

Traveler #170, Mike: 1.20 seconds
Barely noticed it!

Traveler #171, Ness-Smith: 1.03 seconds
Barely noticed it!

Traveler #172, Glenn: 2.18 seconds
Barely noticed it!

Traveler #173, Nick: 9.85 seconds
*shudder*

Traveler #174, SteVen: 6.97 seconds
*shudder*

Traveler #175, aaaaaaaaaaaaaaaaaaaa: 2.51 seconds
Barely noticed it!

Traveler #176, R-----------a: 2.69 seconds
Barely noticed it!

Traveler #177, Mickey: 1.41 seconds
Barely noticed it!

Traveler #178, Mike: 7.37 seconds
*shudder*

Traveler #179, Nick: 1.07 seconds
Barely noticed it!

Traveler #180, aaaaaaaaaaaaaaaaaaaa: 3.26 seconds
Barely noticed it!

Traveler #181, aaaaaaaaaaaaaaaaaaaa: 12.28 seconds
*shudder*

Traveler #182, Ness-Smith: 10.86 seconds
*shudder*

Traveler #183, Torque: 4.47 seconds
Barely noticed it!

Traveler #184, Torque: 1.07 seconds
Barely noticed it!

Traveler #185, Ness-Smith: 2.24 seconds
Barely noticed it!

Traveler #186, R-----------a: 1.53 seconds
Barely noticed it!

Traveler #187, SteVen: 1.87 seconds
Barely noticed it!

Traveler #188, Marcos: 2.75 seconds
Barely noticed it!

Traveler #189, Glenn: 1.39 seconds
Barely noticed it!

Traveler #190, Stephen: 2.57 seconds
Barely noticed it!

Traveler #191, Ness-Smith: 4.93 seconds
Barely noticed it!

Traveler #192, Ness-Smith: 24.42 seconds
*shudder*

Traveler #193, Marcos: 4.50 seconds
Barely noticed it!

Traveler #194, Torque: 25.51 seconds
*shudder*

Traveler #195, a------------------a: 4.84 seconds
Barely noticed it!

Traveler #196, Nick: 1.22 seconds
Barely noticed it!

Traveler #197, Mickey: 1.79 seconds
Barely noticed it!

Traveler #198, Marcos: 2.22 seconds
Barely noticed it!

Traveler #199, Mickey: 5.25 seconds
*shudder*

Traveler #200, Torque: 13.72 seconds
*shudder*

Traveler #201, Nick: 15.65 seconds
*shudder*

Traveler #202, Mike: 5.84 seconds
*shudder*

Traveler #203, R-----------a: 1.03 seconds
Barely noticed it!

Traveler #204, Marcos: 0.98 seconds
Barely noticed it!

Traveler #205, a------------------a: 1.18 seconds
Barely noticed it!

Traveler #206, a------------------a: 3.07 seconds
Barely noticed it!

Traveler #207, aaaaaaaaaaaaaaaaaaaa: 2.30 seconds
Barely noticed it!

Traveler #208, a------------------a: 1.95 seconds
Barely noticed it!

Traveler #209, Marcos: 3.58 seconds
Barely noticed it!

Traveler #210, Ness-Smith: 1.23 seconds
Barely noticed it!

Traveler #211, SteVen: 7.61 seconds
*shudder*

Traveler #212, Glenn: 1.12 seconds
Barely noticed it!

Traveler #213, Torque: 1.96 seconds
Barely noticed it!

Traveler #214, Mike: 6.30 seconds
*shudder*

Traveler #215, Mike: 2.29 seconds
Barely noticed it!

Traveler #216, SteVen: 1.17 seconds
Barely noticed it!

Traveler #217, Marcos: 1.34 seconds
Barely noticed it!

Traveler #218, Marcos: 5.42 seconds
*shudder*

Traveler #219, Marcos: 4.93 seconds
Barely noticed it!

Traveler #220, aaaaaaaaaaaaaaaaaaaa: 23.06 seconds
*shudder*

Traveler #221, SteVen: 3.04 seconds
Barely noticed it!

Traveler #222, a------------------a: 1.98 seconds
Barely noticed it!

Traveler #223, Glenn: 1.17 seconds
Barely noticed it!

Traveler #224, a------------------a: 2.58 seconds
Barely noticed it!

Traveler #225, Ness-Smith: 2.66 seconds
Barely noticed it!

Traveler #226, Mike: 1.07 seconds
Barely noticed it!

Traveler #227, Torque: 3.49 seconds
Barely noticed it!

Traveler #228, a------------------a: 1.49 seconds
Barely noticed it!

Traveler #229, Ness-Smith: 1.25 seconds
Barely noticed it!

Traveler #230, Torque: 1.59 seconds
Barely noticed it!

Traveler #231, Stephen: 4.74 seconds
Barely noticed it!

Traveler #232, Mickey: 1.31 seconds
Barely noticed it!

Traveler #233, Marcos: 2.29 seconds
Barely noticed it!

Traveler #234, Mickey: 1.39 seconds
Barely noticed it!

Traveler #235, Ness-Smith: 1.74 seconds
Barely noticed it!

Traveler #236, Mike: 4.44 seconds
Barely noticed it!

Traveler #237, R-----------a: 1.47 seconds
Barely noticed it!

Traveler #238, aaaaaaaaaaaaaaaaaaaa: 1.05 seconds
Barely noticed it!

Traveler #239, aaaaaaaaaaaaaaaaaaaa: 3.65 seconds
Barely noticed it!

Traveler #240, aaaaaaaaaaaaaaaaaaaa: 1.18 seconds
Barely noticed it!

Traveler #241, Stephen: 2.44 seconds
Barely noticed it!

Traveler #242, Mike: 6.48 seconds
*shudder*

Traveler #243, Stephen: 1.41 seconds
Barely noticed it!

Traveler #244, Mickey: 1.51 seconds
Barely noticed it!

Traveler #245, Mike: 4.69 seconds
Barely noticed it!

Traveler #246, Nick: 2.82 seconds
Barely noticed it!

Traveler #247, Glenn: 1.05 seconds
Barely noticed it!

Traveler #248, Nick: 1.53 seconds
Barely noticed it!

Traveler #249, Torque: 1.30 seconds
Barely noticed it!

Traveler #250, Mike: 23.70 seconds
*shudder*

Traveler #251, SteVen: 2.07 seconds
Barely noticed it!

Traveler #252, aaaaaaaaaaaaaaaaaaaa: 1.06 seconds
Barely noticed it!

Traveler #253, a------------------a: 5.78 seconds
*shudder*

Traveler #254, Torque: 0.98 seconds
Barely noticed it!

Traveler #255, Nick: 1.63 seconds
Barely noticed it!

Traveler #256, Marcos: 8.35 seconds
*shudder*

Traveler #257, Ness-Smith: 1.03 seconds
Barely noticed it!

Traveler #258, a------------------a: 2.11 seconds
Barely noticed it!

Traveler #259, Glenn: 2.74 seconds
Barely noticed it!

Traveler #260, a------------------a: 10.08 seconds
*shudder*

Traveler #261, R-----------a: 1.20 seconds
Barely noticed it!

Traveler #262, Marcos: 2.65 seconds
Barely noticed it!

Traveler #263, Stephen: 13.56 seconds
*shudder*

Traveler #264, SteVen: 1.75 seconds
Barely noticed it!

Traveler #265, a------------------a: 4.76 seconds
Barely noticed it!

Traveler #266, Marcos: 2.15 seconds
Barely noticed it!

Traveler #267, a------------------a: 1.12 seconds
Barely noticed it!

Traveler #268, Nick: 4.69 seconds
Barely noticed it!

Traveler #269, Mickey: 3.08 seconds
Barely noticed it!

Traveler #270, Nick: 1.34 seconds
Barely noticed it!

Traveler #271, Glenn: 1.38 seconds
Barely noticed it!

Traveler #272, Mickey: 3.41 seconds
Barely noticed it!

Traveler #273, SteVen: 3.09 seconds
Barely noticed it!

Traveler #274, aaaaaaaaaaaaaaaaaaaa: 3.75 seconds
Barely noticed it!

Traveler #275, R-----------a: 1.23 seconds
Barely noticed it!

Traveler #276, Glenn: 5.92 seconds
*shudder*

Traveler #277, Stephen: 12.71 seconds
*shudder*

Traveler #278, Glenn: 1.18 seconds
Barely noticed it!

Traveler #279, R-----------a: 3.10 seconds
Barely noticed it!

Traveler #280, a------------------a: 3.41 seconds
Barely noticed it!

Traveler #281, Stephen: 2.44 seconds
Barely noticed it!

Traveler #282, Mike: 1.27 seconds
Barely noticed it!

Traveler #283, Glenn: 4.32 seconds
Barely noticed it!

Traveler #284, Nick: 3.73 seconds
Barely noticed it!

Traveler #285, Stephen: 1.26 seconds
Barely noticed it!

Traveler #286, Torque: 1.44 seconds
Barely noticed it!

Traveler #287, Mike: 2.09 seconds
Barely noticed it!

Traveler #288, Torque: 0.99 seconds
Barely noticed it!

Traveler #289, SteVen: 20.85 seconds
*shudder*

Traveler #290, Ness-Smith: 1.18 seconds
Barely noticed it!

Traveler #291, Stephen: 2.48 seconds
Barely noticed it!

Traveler #292, aaaaaaaaaaaaaaaaaaaa: 2.15 seconds
Barely noticed it!

Traveler #293, aaaaaaaaaaaaaaaaaaaa: 1.29 seconds
Barely noticed it!

Traveler #294, Mickey: 1.59 seconds
Barely noticed it!

Traveler #295, a------------------a: 6.09 seconds
*shudder*

Traveler #296, Glenn: 4.12 seconds
Barely noticed it!

Traveler #297, Torque: 1.24 seconds
Barely noticed it!

Traveler #298, Mike: 6.94 seconds
*shudder*

Traveler #299, a------------------a: 2.52 seconds
Barely noticed it!

Traveler #300, Torque: 5.00 seconds
*shudder*

Traveler #301, a------------------a: 37.41 seconds
My heart is pounding.

Traveler #302, a------------------a: 1.21 seconds
Barely noticed it!

Traveler #303, Marcos: 3.70 seconds
Barely noticed it!

Traveler #304, Mickey: 1.13 seconds
Barely noticed it!

Traveler #305, a------------------a: 8.64 seconds
*shudder*

Traveler #306, Mickey: 11.55 seconds
*shudder*

Traveler #307, Torque: 1.03 seconds
Barely noticed it!

Traveler #308, Marcos: 5.67 seconds
*shudder*

Traveler #309, aaaaaaaaaaaaaaaaaaaa: 4.16 seconds
Barely noticed it!

Traveler #310, Glenn: 2.63 seconds
Barely noticed it!

Traveler #311, Mickey: 2.88 seconds
Barely noticed it!

Traveler #312, Nick: 0.99 seconds
Barely noticed it!

Traveler #313, Stephen: 1.25 seconds
Barely noticed it!

Traveler #314, SteVen: 38.79 seconds
My heart is pounding.

Traveler #315, Marcos: 2.68 seconds
Barely noticed it!

Traveler #316, R-----------a: 1.10 seconds
Barely noticed it!

Traveler #317, Torque: 1.21 seconds
Barely noticed it!

Traveler #318, a------------------a: 1.11 seconds
Barely noticed it!

Traveler #319, Glenn: 1.00 seconds
Barely noticed it!

Traveler #320, Nick: 1.53 seconds
Barely noticed it!

Traveler #321, Mickey: 5.51 seconds
*shudder*

Traveler #322, Mike: 1.20 seconds
Barely noticed it!

Traveler #323, Nick: 1.21 seconds
Barely noticed it!

Traveler #324, Stephen: 1.04 seconds
Barely noticed it!

Traveler #325, R-----------a: 2.66 seconds
Barely noticed it!

Traveler #326, Mike: 2.86 seconds
Barely noticed it!

Traveler #327, a------------------a: 3.70 seconds
Barely noticed it!

Traveler #328, Mickey: 8.18 seconds
*shudder*

Traveler #329, Ness-Smith: 17.01 seconds
*shudder*

Traveler #330, a------------------a: 1.96 seconds
Barely noticed it!

Traveler #331, a------------------a: 1.25 seconds
Barely noticed it!

Traveler #332, SteVen: 1.74 seconds
Barely noticed it!

Traveler #333, Mike: 2.33 seconds
Barely noticed it!

Traveler #334, Stephen: 2.26 seconds
Barely noticed it!

Traveler #335, Stephen: 2.32 seconds
Barely noticed it!

Traveler #336, Stephen: 1.41 seconds
Barely noticed it!

Traveler #337, Stephen: 0.98 seconds
Barely noticed it!

Traveler #338, Mike: 1.11 seconds
Barely noticed it!

Traveler #339, Glenn: 2.87 seconds
Barely noticed it!

Traveler #340, Glenn: 1.08 seconds
Barely noticed it!

Traveler #341, Glenn: 2.28 seconds
Barely noticed it!

Traveler #342, Torque: 5.39 seconds
*shudder*

Traveler #343, Nick: 1.63 seconds
Barely noticed it!

Traveler #344, Mickey: 4.63 seconds
Barely noticed it!

Traveler #345, Torque: 39.57 seconds
My heart is pounding.

Traveler #346, Torque: 2.92 seconds
Barely noticed it!

Traveler #347, Mike: 3.83 seconds
Barely noticed it!

Traveler #348, Mickey: 7.78 seconds
*shudder*

Traveler #349, aaaaaaaaaaaaaaaaaaaa: 1.75 seconds
Barely noticed it!

Traveler #350, Glenn: 7.08 seconds
*shudder*

Traveler #351, Ness-Smith: 2.18 seconds
Barely noticed it!

Traveler #352, Glenn: 1.00 seconds
Barely noticed it!

Traveler #353, aaaaaaaaaaaaaaaaaaaa: 3.60 seconds
Barely noticed it!

Traveler #354, Torque: 1.07 seconds
Barely noticed it!

Traveler #355, SteVen: 1.84 seconds
Barely noticed it!

Traveler #356, Mike: 4.42 seconds
Barely noticed it!

Traveler #357, Glenn: 1.68 seconds
Barely noticed it!

Traveler #358, Nick: 1.61 seconds
Barely noticed it!

Traveler #359, Nick: 1.86 seconds
Barely noticed it!

Traveler #360, Torque: 3.57 seconds
Barely noticed it!

Traveler #361, aaaaaaaaaaaaaaaaaaaa: 9.72 seconds
*shudder*

Traveler #362, a------------------a: 1.53 seconds
Barely noticed it!

Traveler #363, aaaaaaaaaaaaaaaaaaaa: 11.93 seconds
*shudder*

Traveler #364, Stephen: 1.66 seconds
Barely noticed it!

Traveler #365, a------------------a: 0.98 seconds
Barely noticed it!

Traveler #366, R-----------a: 2.56 seconds
Barely noticed it!

Traveler #367, Mike: 1.06 seconds
Barely noticed it!

Traveler #368, aaaaaaaaaaaaaaaaaaaa: 5.80 seconds
*shudder*

Traveler #369, Torque: 2.21 seconds
Barely noticed it!

Traveler #370, Mike: 1.15 seconds
Barely noticed it!

Traveler #371, Ness-Smith: 5.11 seconds
*shudder*

Traveler #372, Torque: 3.27 seconds
Barely noticed it!

Traveler #373, Ness-Smith: 1.20 seconds
Barely noticed it!

Traveler #374, Mike: 1.02 seconds
Barely noticed it!

Traveler #375, a------------------a: 11.14 seconds
*shudder*

Traveler #376, Glenn: 13.76 seconds
*shudder*

Traveler #377, aaaaaaaaaaaaaaaaaaaa: 7.03 seconds
*shudder*

Traveler #378, SteVen: 1.95 seconds
Barely noticed it!

Traveler #379, Mike: 1.50 seconds
Barely noticed it!

Traveler #380, Mike: 1.67 seconds
Barely noticed it!

Traveler #381, Mickey: 4.57 seconds
Barely noticed it!

Traveler #382, Stephen: 1.56 seconds
Barely noticed it!

Traveler #383, Mickey: 1.33 seconds
Barely noticed it!

Traveler #384, Ness-Smith: 1.05 seconds
Barely noticed it!

Traveler #385, Glenn: 1.76 seconds
Barely noticed it!

Traveler #386, Glenn: 7.70 seconds
*shudder*

Traveler #387, Ness-Smith: 25.80 seconds
*shudder*

Traveler #388, Mike: 1.20 seconds
Barely noticed it!

Traveler #389, Torque: 1.87 seconds
Barely noticed it!

Traveler #390, Mickey: 4.53 seconds
Barely noticed it!

Traveler #391, Marcos: 1.44 seconds
Barely noticed it!

Traveler #392, aaaaaaaaaaaaaaaaaaaa: 1.54 seconds
Barely noticed it!

Traveler #393, Ness-Smith: 7.77 seconds
*shudder*

Traveler #394, Mike: 3.43 seconds
Barely noticed it!

Traveler #395, SteVen: 1.25 seconds
Barely noticed it!

Traveler #396, Glenn: 3.10 seconds
Barely noticed it!

Traveler #397, Mike: 1.16 seconds
Barely noticed it!

Traveler #398, Torque: 1.81 seconds
Barely noticed it!

Traveler #399, Ness-Smith: 1.22 seconds
Barely noticed it!

Traveler #400, a------------------a: 3.30 seconds
Barely noticed it!

Traveler #401, a------------------a: 2.95 seconds
Barely noticed it!

Traveler #402, Glenn: 6.51 seconds
*shudder*

Traveler #403, Nick: 1.25 seconds
Barely noticed it!

Traveler #404, R-----------a: 1.60 seconds
Barely noticed it!

Traveler #405, Torque: 1.87 seconds
Barely noticed it!

Traveler #406, aaaaaaaaaaaaaaaaaaaa: 2.90 seconds
Barely noticed it!

Traveler #407, Mike: 6.34 seconds
*shudder*

Traveler #408, SteVen: 1.80 seconds
Barely noticed it!

Traveler #409, Stephen: 1.58 seconds
Barely noticed it!

Traveler #410, Mike: 1.79 seconds
Barely noticed it!

Traveler #411, R-----------a: 2.74 seconds
Barely noticed it!

Traveler #412, aaaaaaaaaaaaaaaaaaaa: 1.08 seconds
Barely noticed it!

Traveler #413, Mike: 1.56 seconds
Barely noticed it!

Traveler #414, Mickey: 2.37 seconds
Barely noticed it!

Traveler #415, SteVen: 5.95 seconds
*shudder*

Traveler #416, a------------------a: 14.65 seconds
*shudder*

Traveler #417, Nick: 1.25 seconds
Barely noticed it!

Traveler #418, Mike: 3.23 seconds
Barely noticed it!

Traveler #419, Torque: 1.65 seconds
Barely noticed it!

Traveler #420, Torque: 3.35 seconds
Barely noticed it!

Traveler #421, Stephen: 1.42 seconds
Barely noticed it!

Traveler #422, R-----------a: 101.66 seconds
Um, did something move in there?

Traveler #423, Mike: 7.44 seconds
*shudder*

Traveler #424, Torque: 2.43 seconds
Barely noticed it!

Traveler #425, Marcos: 1.20 seconds
Barely noticed it!

Traveler #426, Glenn: 1.11 seconds
Barely noticed it!

Traveler #427, SteVen: 5.16 seconds
*shudder*

Traveler #428, Marcos: 1.64 seconds
Barely noticed it!

Traveler #429, Ness-Smith: 3.15 seconds
Barely noticed it!

Traveler #430, aaaaaaaaaaaaaaaaaaaa: 1.16 seconds
Barely noticed it!

Traveler #431, Nick: 2.13 seconds
Barely noticed it!

Traveler #432, Ness-Smith: 1.91 seconds
Barely noticed it!

Traveler #433, Marcos: 2.66 seconds
Barely noticed it!

Traveler #434, a------------------a: 2.32 seconds
Barely noticed it!

Traveler #435, Mike: 1.76 seconds
Barely noticed it!

Traveler #436, Ness-Smith: 3.06 seconds
Barely noticed it!

Traveler #437, R-----------a: 1.59 seconds
Barely noticed it!

Traveler #438, SteVen: 2.92 seconds
Barely noticed it!

Traveler #439, Marcos: 2.97 seconds
Barely noticed it!

Traveler #440, Mike: 8.03 seconds
*shudder*

Traveler #441, Mickey: 1.95 seconds
Barely noticed it!

Traveler #442, Stephen: 24.82 seconds
*shudder*

Traveler #443, Nick: 2.43 seconds
Barely noticed it!

Traveler #444, Stephen: 1.68 seconds
Barely noticed it!

Traveler #445, Glenn: 1.18 seconds
Barely noticed it!

Traveler #446, Mike: 4.82 seconds
Barely noticed it!

Traveler #447, aaaaaaaaaaaaaaaaaaaa: 44.73 seconds
My heart is pounding.

Traveler #448, Ness-Smith: 2.13 seconds
Barely noticed it!

Traveler #449, Glenn: 2.53 seconds
Barely noticed it!

Traveler #450, Glenn: 1.41 seconds
Barely noticed it!

Traveler #451, Stephen: 1.86 seconds
Barely noticed it!

Traveler #452, R-----------a: 1.86 seconds
Barely noticed it!

Traveler #453, Mike: 4.68 seconds
Barely noticed it!

Traveler #454, Torque: 2.80 seconds
Barely noticed it!

Traveler #455, Ness-Smith: 1.75 seconds
Barely noticed it!

Traveler #456, Mike: 2.61 seconds
Barely noticed it!

Traveler #457, aaaaaaaaaaaaaaaaaaaa: 20.24 seconds
*shudder*

Traveler #458, Mike: 970000.00 seconds
Mommy, I want my blanket!

Traveler #459, Mickey: 1.21 seconds
Barely noticed it!

Traveler #460, Stephen: 26.59 seconds
*shudder*

Traveler #461, Ness-Smith: 1.02 seconds
Barely noticed it!

Traveler #462, a------------------a: 3.27 seconds
Barely noticed it!

Traveler #463, SteVen: 2.67 seconds
Barely noticed it!

Traveler #464, Nick: 1.25 seconds
Barely noticed it!

Traveler #465, Marcos: 1.18 seconds
Barely noticed it!

Traveler #466, Nick: 1.90 seconds
Barely noticed it!

Traveler #467, aaaaaaaaaaaaaaaaaaaa: 1.98 seconds
Barely noticed it!

Traveler #468, Nick: 2.02 seconds
Barely noticed it!

Traveler #469, Nick: 1.92 seconds
Barely noticed it!

Traveler #470, Torque: 1.93 seconds
Barely noticed it!

Traveler #471, Nick: 1.01 seconds
Barely noticed it!

Traveler #472, aaaaaaaaaaaaaaaaaaaa: 1.19 seconds
Barely noticed it!

Traveler #473, SteVen: 1.26 seconds
Barely noticed it!

Traveler #474, SteVen: 5.60 seconds
*shudder*

Traveler #475, Marcos: 1.99 seconds
Barely noticed it!

Traveler #476, Mickey: 1.31 seconds
Barely noticed it!

Traveler #477, SteVen: 0.98 seconds
Barely noticed it!

Traveler #478, Nick: 2.25 seconds
Barely noticed it!

Traveler #479, a------------------a: 1.20 seconds
Barely noticed it!

Traveler #480, SteVen: 7.22 seconds
*shudder*

Traveler #481, Torque: 2.27 seconds
Barely noticed it!

Traveler #482, aaaaaaaaaaaaaaaaaaaa: 2.51 seconds
Barely noticed it!

Traveler #483, aaaaaaaaaaaaaaaaaaaa: 1.23 seconds
Barely noticed it!

Traveler #484, Ness-Smith: 1.63 seconds
Barely noticed it!

Traveler #485, Torque: 2.92 seconds
Barely noticed it!

Traveler #486, Ness-Smith: 1.94 seconds
Barely noticed it!

Traveler #487, aaaaaaaaaaaaaaaaaaaa: 4.75 seconds
Barely noticed it!

Traveler #488, SteVen: 1.64 seconds
Barely noticed it!

Traveler #489, SteVen: 2.17 seconds
Barely noticed it!

Traveler #490, Stephen: 1.38 seconds
Barely noticed it!

Traveler #491, a------------------a: 1.09 seconds
Barely noticed it!

Traveler #492, SteVen: 1.99 seconds
Barely noticed it!

Traveler #493, Torque: 9.93 seconds
*shudder*

Traveler #494, Glenn: 8.63 seconds
*shudder*

Traveler #495, a------------------a: 2.10 seconds
Barely noticed it!

Traveler #496, Mickey: 4.62 seconds
Barely noticed it!

Traveler #497, Ness-Smith: 1.24 seconds
Barely noticed it!

Traveler #498, Marcos: 5.87 seconds
*shudder*

Traveler #499, Mickey: 1.11 seconds
Barely noticed it!

Traveler #500, Ness-Smith: 0.99 seconds
Barely noticed it!

Traveler #501, R-----------a: 6.53 seconds
*shudder*

Traveler #502, a------------------a: 18.37 seconds
*shudder*

Traveler #503, Ness-Smith: 2.41 seconds
Barely noticed it!

Traveler #504, Nick: 43.29 seconds
My heart is pounding.

Traveler #505, Mike: 1.59 seconds
Barely noticed it!

Traveler #506, a------------------a: 1.18 seconds
Barely noticed it!

Traveler #507, Mickey: 1.08 seconds
Barely noticed it!

Traveler #508, Ness-Smith: 9.73 seconds
*shudder*

Traveler #509, aaaaaaaaaaaaaaaaaaaa: 3.03 seconds
Barely noticed it!

Traveler #510, Mickey: 1.48 seconds
Barely noticed it!

Traveler #511, a------------------a: 1.08 seconds
Barely noticed it!

Traveler #512, R-----------a: 1.32 seconds
Barely noticed it!

Traveler #513, SteVen: 23.75 seconds
*shudder*

Traveler #514, Stephen: 2.89 seconds
Barely noticed it!

Traveler #515, Mike: 2.40 seconds
Barely noticed it!

Traveler #516, Torque: 1.29 seconds
Barely noticed it!

Traveler #517, aaaaaaaaaaaaaaaaaaaa: 2.69 seconds
Barely noticed it!

Traveler #518, Mickey: 0.98 seconds
Barely noticed it!

Traveler #519, Stephen: 5.58 seconds
*shudder*

Traveler #520, Glenn: 1.94 seconds
Barely noticed it!

Traveler #521, Glenn: 1.04 seconds
Barely noticed it!

Traveler #522, Stephen: 3.57 seconds
Barely noticed it!

Traveler #523, aaaaaaaaaaaaaaaaaaaa: 6.43 seconds
*shudder*

Traveler #524, Nick: 1.47 seconds
Barely noticed it!

Traveler #525, Nick: 1.18 seconds
Barely noticed it!

Traveler #526, Ness-Smith: 1.06 seconds
Barely noticed it!

Traveler #527, aaaaaaaaaaaaaaaaaaaa: 11.85 seconds
*shudder*

Traveler #528, Glenn: 1.08 seconds
Barely noticed it!

Traveler #529, aaaaaaaaaaaaaaaaaaaa: 4.78 seconds
Barely noticed it!

Traveler #530, Nick: 1.46 seconds
Barely noticed it!

Traveler #531, Nick: 2.30 seconds
Barely noticed it!

Traveler #532, R-----------a: 1.90 seconds
Barely noticed it!

Traveler #533, Nick: 5.97 seconds
*shudder*

Traveler #534, Glenn: 1.16 seconds
Barely noticed it!

Traveler #535, R-----------a: 3.08 seconds
Barely noticed it!

Traveler #536, Torque: 1.24 seconds
Barely noticed it!

Traveler #537, Torque: 1.66 seconds
Barely noticed it!

Traveler #538, aaaaaaaaaaaaaaaaaaaa: 2.23 seconds
Barely noticed it!

Traveler #539, Ness-Smith: 4.16 seconds
Barely noticed it!

Traveler #540, Glenn: 2.54 seconds
Barely noticed it!

Traveler #541, SteVen: 6.15 seconds
*shudder*

Traveler #542, Ness-Smith: 2.21 seconds
Barely noticed it!

Traveler #543, Stephen: 1.64 seconds
Barely noticed it!

Traveler #544, Ness-Smith: 1.50 seconds
Barely noticed it!

Traveler #545, aaaaaaaaaaaaaaaaaaaa: 1.63 seconds
Barely noticed it!

Traveler #546, R-----------a: 1.02 seconds
Barely noticed it!

Traveler #547, aaaaaaaaaaaaaaaaaaaa: 2.90 seconds
Barely noticed it!

Traveler #548, Mickey: 1.45 seconds
Barely noticed it!

Traveler #549, Mike: 2.14 seconds
Barely noticed it!

Traveler #550, R-----------a: 1.36 seconds
Barely noticed it!

Traveler #551, Ness-Smith: 14.33 seconds
*shudder*

Traveler #552, Mike: 3.31 seconds
Barely noticed it!

Traveler #553, Ness-Smith: 1.94 seconds
Barely noticed it!

Traveler #554, Glenn: 3.40 seconds
Barely noticed it!

Traveler #555, Marcos: 10.49 seconds
*shudder*

Traveler #556, Torque: 1.30 seconds
Barely noticed it!

Traveler #557, Stephen: 1.12 seconds
Barely noticed it!

Traveler #558, a------------------a: 1.30 seconds
Barely noticed it!

Traveler #559, Glenn: 10.57 seconds
*shudder*

Traveler #560, Marcos: 3.50 seconds
Barely noticed it!

Traveler #561, Mike: 3.00 seconds
Barely noticed it!

Traveler #562, Stephen: 1.58 seconds
Barely noticed it!

Traveler #563, R-----------a: 1.10 seconds
Barely noticed it!

Traveler #564, Ness-Smith: 1.66 seconds
Barely noticed it!

Traveler #565, R-----------a: 1.21 seconds
Barely noticed it!

Traveler #566, R-----------a: 4.97 seconds
Barely noticed it!

Traveler #567, Stephen: 1.70 seconds
Barely noticed it!

Traveler #568, Stephen: 2.47 seconds
Barely noticed it!

Traveler #569, SteVen: 6.50 seconds
*shudder*

Traveler #570, Nick: 1.22 seconds
Barely noticed it!

Traveler #571, Torque: 1.04 seconds
Barely noticed it!

Traveler #572, Torque: 1.48 seconds
Barely noticed it!

Traveler #573, aaaaaaaaaaaaaaaaaaaa: 1.59 seconds
Barely noticed it!

Traveler #574, R-----------a: 1.98 seconds
Barely noticed it!

Traveler #575, Mickey: 1.87 seconds
Barely noticed it!

Traveler #576, Torque: 1.01 seconds
Barely noticed it!

Traveler #577, SteVen: 1.06 seconds
Barely noticed it!

Traveler #578, R-----------a: 1.22 seconds
Barely noticed it!

Traveler #579, R-----------a: 7.56 seconds
*shudder*

Traveler #580, Mike: 20.04 seconds
*shudder*

Traveler #581, Ness-Smith: 3.10 seconds
Barely noticed it!

Traveler #582, Nick: 1.87 seconds
Barely noticed it!

Traveler #583, SteVen: 1.04 seconds
Barely noticed it!

Traveler #584, Torque: 4.27 seconds
Barely noticed it!

Traveler #585, Ness-Smith: 1.09 seconds
Barely noticed it!

Traveler #586, R-----------a: 20.53 seconds
*shudder*

Traveler #587, R-----------a: 3.46 seconds
Barely noticed it!

Traveler #588, Mike: 2.07 seconds
Barely noticed it!

Traveler #589, Mike: 1.01 seconds
Barely noticed it!

Traveler #590, Mickey: 1.11 seconds
Barely noticed it!

Traveler #591, a------------------a: 1.74 seconds
Barely noticed it!

Traveler #592, Ness-Smith: 6.29 seconds
*shudder*

Traveler #593, Mike: 0.98 seconds
Barely noticed it!

Traveler #594, Torque: 1.12 seconds
Barely noticed it!

Traveler #595, Glenn: 3.20 seconds
Barely noticed it!

Traveler #596, Marcos: 1.08 seconds
Barely noticed it!

Traveler #597, SteVen: 3.30 seconds
Barely noticed it!

Traveler #598, Ness-Smith: 1.39 seconds
Barely noticed it!

Traveler #599, Stephen: 2.29 seconds
Barely noticed it!

Traveler #600, Marcos: 1.06 seconds
Barely noticed it!

Traveler #601, aaaaaaaaaaaaaaaaaaaa: 1.72 seconds
Barely noticed it!

Traveler #602, Nick: 4.34 seconds
Barely noticed it!

Traveler #603, Mike: 1.06 seconds
Barely noticed it!

Traveler #604, aaaaaaaaaaaaaaaaaaaa: 1.90 seconds
Barely noticed it!

Traveler #605, Glenn: 0.99 seconds
Barely noticed it!

Traveler #606, Stephen: 3.64 seconds
Barely noticed it!

Traveler #607, Marcos: 1.09 seconds
Barely noticed it!

Traveler #608, Mike: 3.38 seconds
Barely noticed it!

Traveler #609, Glenn: 5.76 seconds
*shudder*

Traveler #610, Mike: 1.77 seconds
Barely noticed it!

Traveler #611, SteVen: 10.67 seconds
*shudder*

Traveler #612, Mickey: 1.39 seconds
Barely noticed it!

Traveler #613, SteVen: 5.45 seconds
*shudder*

Traveler #614, aaaaaaaaaaaaaaaaaaaa: 1.68 seconds
Barely noticed it!

Traveler #615, Mickey: 3.78 seconds
Barely noticed it!

Traveler #616, Torque: 1.09 seconds
Barely noticed it!

Traveler #617, SteVen: 1.20 seconds
Barely noticed it!

Traveler #618, Torque: 0.99 seconds
Barely noticed it!

Traveler #619, aaaaaaaaaaaaaaaaaaaa: 6.90 seconds
*shudder*

Traveler #620, SteVen: 2.31 seconds
Barely noticed it!

Traveler #621, aaaaaaaaaaaaaaaaaaaa: 2.77 seconds
Barely noticed it!

Traveler #622, Glenn: 6.50 seconds
*shudder*

Traveler #623, Marcos: 5.07 seconds
*shudder*

Traveler #624, Mike: 1.10 seconds
Barely noticed it!

Traveler #625, Glenn: 2.75 seconds
Barely noticed it!

Traveler #626, Glenn: 4.73 seconds
Barely noticed it!

Traveler #627, R-----------a: 1.05 seconds
Barely noticed it!

Traveler #628, aaaaaaaaaaaaaaaaaaaa: 1.01 seconds
Barely noticed it!

Traveler #629, Torque: 1.49 seconds
Barely noticed it!

Traveler #630, Mickey: 1.32 seconds
Barely noticed it!

Traveler #631, Mike: 10.58 seconds
*shudder*

Traveler #632, SteVen: 11.55 seconds
*shudder*

Traveler #633, SteVen: 1.44 seconds
Barely noticed it!

Traveler #634, Mickey: 18.78 seconds
*shudder*

Traveler #635, a------------------a: 1.16 seconds
Barely noticed it!

Traveler #636, SteVen: 1.70 seconds
Barely noticed it!

Traveler #637, Nick: 1.49 seconds
Barely noticed it!

Traveler #638, Nick: 1.08 seconds
Barely noticed it!

Traveler #639, SteVen: 3.75 seconds
Barely noticed it!

Traveler #640, Marcos: 39.91 seconds
My heart is pounding.

Traveler #641, Mike: 2.88 seconds
Barely noticed it!

Traveler #642, Nick: 1.06 seconds
Barely noticed it!

Traveler #643, aaaaaaaaaaaaaaaaaaaa: 1.49 seconds
Barely noticed it!

Traveler #644, Torque: 2.56 seconds
Barely noticed it!

Traveler #645, Stephen: 1.27 seconds
Barely noticed it!

Traveler #646, a------------------a: 3.93 seconds
Barely noticed it!

Traveler #647, Torque: 1.64 seconds
Barely noticed it!

Traveler #648, aaaaaaaaaaaaaaaaaaaa: 1.33 seconds
Barely noticed it!

Traveler #649, SteVen: 3.23 seconds
Barely noticed it!

Traveler #650, Torque: 1.21 seconds
Barely noticed it!

Traveler #651, Mickey: 1.11 seconds
Barely noticed it!

Traveler #652, Marcos: 1.29 seconds
Barely noticed it!

Traveler #653, Nick: 2.44 seconds
Barely noticed it!

Traveler #654, a------------------a: 1.56 seconds
Barely noticed it!

Traveler #655, Ness-Smith: 1.43 seconds
Barely noticed it!

Traveler #656, SteVen: 1.39 seconds
Barely noticed it!

Traveler #657, Mickey: 2.72 seconds
Barely noticed it!

Traveler #658, SteVen: 1.25 seconds
Barely noticed it!

Traveler #659, Mickey: 3.94 seconds
Barely noticed it!

Traveler #660, Torque: 4.48 seconds
Barely noticed it!

Traveler #661, Stephen: 6.64 seconds
*shudder*

Traveler #662, Marcos: 1.00 seconds
Barely noticed it!

Traveler #663, Mickey: 5.91 seconds
*shudder*

Traveler #664, Mike: 1.95 seconds
Barely noticed it!

Traveler #665, Torque: 24.47 seconds
*shudder*

Traveler #666, aaaaaaaaaaaaaaaaaaaa: 68.53 seconds
Um, did something move in there?

Traveler #667, Glenn: 1.15 seconds
Barely noticed it!

Traveler #668, aaaaaaaaaaaaaaaaaaaa: 1.02 seconds
Barely noticed it!

Traveler #669, Marcos: 5.58 seconds
*shudder*

Traveler #670, Marcos: 20.47 seconds
*shudder*

Traveler #671, Glenn: 2.26 seconds
Barely noticed it!

Traveler #672, Mike: 2.25 seconds
Barely noticed it!

Traveler #673, Mickey: 1.10 seconds
Barely noticed it!

Traveler #674, Mike: 1.19 seconds
Barely noticed it!

Traveler #675, Mickey: 1.25 seconds
Barely noticed it!

Traveler #676, Mike: 1.59 seconds
Barely noticed it!

Traveler #677, SteVen: 9.35 seconds
*shudder*

Traveler #678, Glenn: 7.13 seconds
*shudder*

Traveler #679, Mickey: 1.23 seconds
Barely noticed it!

Traveler #680, Mickey: 2.43 seconds
Barely noticed it!

Traveler #681, R-----------a: 10.20 seconds
*shudder*

Traveler #682, a------------------a: 1.60 seconds
Barely noticed it!

Traveler #683, Nick: 1.93 seconds
Barely noticed it!

Traveler #684, Mike: 1.14 seconds
Barely noticed it!

Traveler #685, Mike: 1.04 seconds
Barely noticed it!

Traveler #686, aaaaaaaaaaaaaaaaaaaa: 1.00 seconds
Barely noticed it!

Traveler #687, SteVen: 2.02 seconds
Barely noticed it!

Traveler #688, Mike: 2.04 seconds
Barely noticed it!

Traveler #689, Nick: 1.21 seconds
Barely noticed it!

Traveler #690, aaaaaaaaaaaaaaaaaaaa: 5.23 seconds
*shudder*

Traveler #691, SteVen: 1.68 seconds
Barely noticed it!

Traveler #692, Stephen: 42.05 seconds
My heart is pounding.

Traveler #693, Mike: 1.02 seconds
Barely noticed it!

Traveler #694, Ness-Smith: 1.24 seconds
Barely noticed it!

Traveler #695, Stephen: 2.04 seconds
Barely noticed it!

Traveler #696, Torque: 1.22 seconds
Barely noticed it!

Traveler #697, Stephen: 40.29 seconds
My heart is pounding.

Traveler #698, Glenn: 1.65 seconds
Barely noticed it!

Traveler #699, Ness-Smith: 1.35 seconds
Barely noticed it!

Traveler #700, Ness-Smith: 33.38 seconds
My heart is pounding.

Traveler #701, Torque: 1.01 seconds
Barely noticed it!

Traveler #702, Mickey: 1.66 seconds
Barely noticed it!

Traveler #703, SteVen: 2.12 seconds
Barely noticed it!

Traveler #704, Ness-Smith: 11.45 seconds
*shudder*

Traveler #705, Nick: 1.02 seconds
Barely noticed it!

Traveler #706, Mickey: 1.86 seconds
Barely noticed it!

Traveler #707, Glenn: 1.60 seconds
Barely noticed it!

Traveler #708, Mike: 3.94 seconds
Barely noticed it!

Traveler #709, Stephen: 5.97 seconds
*shudder*

Traveler #710, Stephen: 1.33 seconds
Barely noticed it!

Traveler #711, aaaaaaaaaaaaaaaaaaaa: 1.07 seconds
Barely noticed it!

Traveler #712, Nick: 1.30 seconds
Barely noticed it!

Traveler #713, Nick: 1.10 seconds
Barely noticed it!

Traveler #714, Glenn: 1.10 seconds
Barely noticed it!

Traveler #715, Mickey: 11.79 seconds
*shudder*

Traveler #716, aaaaaaaaaaaaaaaaaaaa: 3.50 seconds
Barely noticed it!

Traveler #717, a------------------a: 1.85 seconds
Barely noticed it!

Traveler #718, aaaaaaaaaaaaaaaaaaaa: 1246.79 seconds
Mommy, I want my blanket!

Traveler #719, a------------------a: 3.14 seconds
Barely noticed it!

Traveler #720, Nick: 2.12 seconds
Barely noticed it!

Traveler #721, Glenn: 1.82 seconds
Barely noticed it!

Traveler #722, Mickey: 1.50 seconds
Barely noticed it!

Traveler #723, Torque: 2.15 seconds
Barely noticed it!

Traveler #724, Torque: 2.28 seconds
Barely noticed it!

Traveler #725, Nick: 1.14 seconds
Barely noticed it!

Traveler #726, a------------------a: 2.67 seconds
Barely noticed it!

Traveler #727, Mike: 1.37 seconds
Barely noticed it!

Traveler #728, Ness-Smith: 7.33 seconds
*shudder*

Traveler #729, SteVen: 1.53 seconds
Barely noticed it!

Traveler #730, SteVen: 1.78 seconds
Barely noticed it!

Traveler #731, Torque: 1.11 seconds
Barely noticed it!

Traveler #732, Torque: 1.51 seconds
Barely noticed it!

Traveler #733, Mike: 1.47 seconds
Barely noticed it!

Traveler #734, Marcos: 6.95 seconds
*shudder*

Traveler #735, Marcos: 2.36 seconds
Barely noticed it!

Traveler #736, Mike: 1.29 seconds
Barely noticed it!

Traveler #737, Torque: 3.10 seconds
Barely noticed it!

Traveler #738, Mickey: 1.38 seconds
Barely noticed it!

Traveler #739, Nick: 8.71 seconds
*shudder*

Traveler #740, R-----------a: 10.64 seconds
*shudder*

Traveler #741, SteVen: 1.08 seconds
Barely noticed it!

Traveler #742, Mickey: 1.25 seconds
Barely noticed it!

Traveler #743, Mickey: 1.34 seconds
Barely noticed it!

Traveler #744, Torque: 2.66 seconds
Barely noticed it!

Traveler #745, Stephen: 1.21 seconds
Barely noticed it!

Traveler #746, R-----------a: 3.74 seconds
Barely noticed it!

Traveler #747, R-----------a: 2.35 seconds
Barely noticed it!

Traveler #748, R-----------a: 6.52 seconds
*shudder*

Traveler #749, Glenn: 8.04 seconds
*shudder*

Traveler #750, a------------------a: 1.21 seconds
Barely noticed it!

Traveler #751, SteVen: 1.31 seconds
Barely noticed it!

Traveler #752, Ness-Smith: 3.81 seconds
Barely noticed it!

Traveler #753, Torque: 4.88 seconds
Barely noticed it!

Traveler #754, R-----------a: 1.21 seconds
Barely noticed it!

Traveler #755, a------------------a: 2.72 seconds
Barely noticed it!

Traveler #756, Nick: 1.10 seconds
Barely noticed it!

Traveler #757, aaaaaaaaaaaaaaaaaaaa: 1.75 seconds
Barely noticed it!

Traveler #758, Ness-Smith: 1.05 seconds
Barely noticed it!

Traveler #759, Stephen: 1.65 seconds
Barely noticed it!

Traveler #760, Nick: 18.76 seconds
*shudder*

Traveler #761, a------------------a: 1.20 seconds
Barely noticed it!

Traveler #762, Nick: 8.99 seconds
*shudder*

Traveler #763, a------------------a: 1.44 seconds
Barely noticed it!

Traveler #764, Stephen: 7.83 seconds
*shudder*

Traveler #765, Marcos: 620.20 seconds
Mommy, I want my blanket!

Traveler #766, Torque: 12.08 seconds
*shudder*

Traveler #767, Mike: 1.80 seconds
Barely noticed it!

Traveler #768, Glenn: 9.77 seconds
*shudder*

Traveler #769, Mike: 4.45 seconds
Barely noticed it!

Traveler #770, Glenn: 1.39 seconds
Barely noticed it!

Traveler #771, a------------------a: 1.01 seconds
Barely noticed it!

Traveler #772, SteVen: 1.44 seconds
Barely noticed it!

Traveler #773, Stephen: 1.44 seconds
Barely noticed it!

Traveler #774, Stephen: 1.71 seconds
Barely noticed it!

Traveler #775, Glenn: 1.17 seconds
Barely noticed it!

Traveler #776, Marcos: 4.79 seconds
Barely noticed it!

Traveler #777, a------------------a: 1.89 seconds
Barely noticed it!

Traveler #778, R-----------a: 3.15 seconds
Barely noticed it!

Traveler #779, Mike: 6.70 seconds
*shudder*

Traveler #780, a------------------a: 2.79 seconds
Barely noticed it!

Traveler #781, Stephen: 1.78 seconds
Barely noticed it!

Traveler #782, Glenn: 1.02 seconds
Barely noticed it!

Traveler #783, Ness-Smith: 2.13 seconds
Barely noticed it!

Traveler #784, Torque: 1.36 seconds
Barely noticed it!

Traveler #785, Mike: 3.56 seconds
Barely noticed it!

Traveler #786, Torque: 1.37 seconds
Barely noticed it!

Traveler #787, Mike: 2.35 seconds
Barely noticed it!

Traveler #788, Torque: 1.10 seconds
Barely noticed it!

Traveler #789, Stephen: 1.21 seconds
Barely noticed it!

Traveler #790, Mike: 1.48 seconds
Barely noticed it!

Traveler #791, Mike: 1.39 seconds
Barely noticed it!

Traveler #792, Glenn: 1.24 seconds
Barely noticed it!

Traveler #793, a------------------a: 9.52 seconds
*shudder*

Traveler #794, Mickey: 5.06 seconds
*shudder*

Traveler #795, SteVen: 4.73 seconds
Barely noticed it!

Traveler #796, SteVen: 4.69 seconds
Barely noticed it!

Traveler #797, R-----------a: 36.79 seconds
My heart is pounding.

Traveler #798, Mickey: 1.20 seconds
Barely noticed it!

Traveler #799, Mickey: 3.55 seconds
Barely noticed it!

Traveler #800, Mike: 3.72 seconds
Barely noticed it!

Traveler #801, Stephen: 1.32 seconds
Barely noticed it!

Traveler #802, Ness-Smith: 1.16 seconds
Barely noticed it!

Traveler #803, Ness-Smith: 2.02 seconds
Barely noticed it!

Traveler #804, Glenn: 7.21 seconds
*shudder*

Traveler #805, Marcos: 14.19 seconds
*shudder*

Traveler #806, aaaaaaaaaaaaaaaaaaaa: 10.15 seconds
*shudder*

Traveler #807, R-----------a: 1.06 seconds
Barely noticed it!

Traveler #808, R-----------a: 0.97 seconds
Barely noticed it!

Traveler #809, Mike: 0.97 seconds
Barely noticed it!

Traveler #810, a------------------a: 13.88 seconds
*shudder*

Traveler #811, Nick: 12.05 seconds
*shudder*

Traveler #812, Glenn: 5.16 seconds
*shudder*

Traveler #813, Glenn: 1.05 seconds
Barely noticed it!

Traveler #814, Mike: 1.88 seconds
Barely noticed it!

Traveler #815, Mike: 151.99 seconds
Um, did something move in there?

Traveler #816, Marcos: 3.58 seconds
Barely noticed it!

Traveler #817, Marcos: 1.92 seconds
Barely noticed it!

Traveler #818, Ness-Smith: 1.36 seconds
Barely noticed it!

Traveler #819, SteVen: 1.12 seconds
Barely noticed it!

Traveler #820, Stephen: 3.07 seconds
Barely noticed it!

Traveler #821, Ness-Smith: 1.21 seconds
Barely noticed it!

Traveler #822, Nick: 139.67 seconds
Um, did something move in there?

Traveler #823, R-----------a: 2.58 seconds
Barely noticed it!

Traveler #824, Torque: 3.26 seconds
Barely noticed it!

Traveler #825, Nick: 4.80 seconds
Barely noticed it!

Traveler #826, a------------------a: 2.88 seconds
Barely noticed it!

Traveler #827, Ness-Smith: 2.61 seconds
Barely noticed it!

Traveler #828, SteVen: 2.59 seconds
Barely noticed it!

Traveler #829, Ness-Smith: 9.42 seconds
*shudder*

Traveler #830, a------------------a: 850.13 seconds
Mommy, I want my blanket!

Traveler #831, a------------------a: 1.41 seconds
Barely noticed it!

Traveler #832, aaaaaaaaaaaaaaaaaaaa: 2.71 seconds
Barely noticed it!

Traveler #833, Marcos: 1.25 seconds
Barely noticed it!

Traveler #834, aaaaaaaaaaaaaaaaaaaa: 34.20 seconds
My heart is pounding.

Traveler #835, Stephen: 1.35 seconds
Barely noticed it!

Traveler #836, Glenn: 3.72 seconds
Barely noticed it!

Traveler #837, Ness-Smith: 1.82 seconds
Barely noticed it!

Traveler #838, Mickey: 6.16 seconds
*shudder*

Traveler #839, Stephen: 6.11 seconds
*shudder*

Traveler #840, R-----------a: 1.60 seconds
Barely noticed it!

Traveler #841, a------------------a: 4.20 seconds
Barely noticed it!

Traveler #842, Mike: 17.34 seconds
*shudder*

Traveler #843, Mike: 1.55 seconds
Barely noticed it!

Traveler #844, Torque: 1.15 seconds
Barely noticed it!

Traveler #845, Mike: 2.56 seconds
Barely noticed it!

Traveler #846, a------------------a: 1.08 seconds
Barely noticed it!

Traveler #847, SteVen: 2.26 seconds
Barely noticed it!

Traveler #848, Torque: 19.57 seconds
*shudder*

Traveler #849, Mickey: 1.32 seconds
Barely noticed it!

Traveler #850, Mickey: 2.38 seconds
Barely noticed it!

Traveler #851, Glenn: 33.41 seconds
My heart is pounding.

Traveler #852, SteVen: 2.43 seconds
Barely noticed it!

Traveler #853, SteVen: 7.55 seconds
*shudder*

Traveler #854, Stephen: 1.76 seconds
Barely noticed it!

Traveler #855, Nick: 1.08 seconds
Barely noticed it!

Traveler #856, Nick: 2.59 seconds
Barely noticed it!

Traveler #857, Nick: 2.95 seconds
Barely noticed it!

Traveler #858, Nick: 4.29 seconds
Barely noticed it!

Traveler #859, SteVen: 2.21 seconds
Barely noticed it!

Traveler #860, Stephen: 1.99 seconds
Barely noticed it!

Traveler #861, Glenn: 2.14 seconds
Barely noticed it!

Traveler #862, a------------------a: 8.32 seconds
*shudder*

Traveler #863, a------------------a: 1.30 seconds
Barely noticed it!

Traveler #864, R-----------a: 1.22 seconds
Barely noticed it!

Traveler #865, Glenn: 7.99 seconds
*shudder*

Traveler #866, Torque: 1.25 seconds
Barely noticed it!

Traveler #867, Marcos: 7.69 seconds
*shudder*

Traveler #868, Mike: 11.01 seconds
*shudder*

Traveler #869, Mickey: 2.16 seconds
Barely noticed it!

Traveler #870, Ness-Smith: 1.40 seconds
Barely noticed it!

Traveler #871, aaaaaaaaaaaaaaaaaaaa: 5.72 seconds
*shudder*

Traveler #872, a------------------a: 4.97 seconds
Barely noticed it!

Traveler #873, Mike: 1.13 seconds
Barely noticed it!

Traveler #874, aaaaaaaaaaaaaaaaaaaa: 1.78 seconds
Barely noticed it!

Traveler #875, SteVen: 3.07 seconds
Barely noticed it!

Traveler #876, R-----------a: 1.28 seconds
Barely noticed it!

Traveler #877, Glenn: 1.25 seconds
Barely noticed it!

Traveler #878, Ness-Smith: 9.18 seconds
*shudder*

Traveler #879, a------------------a: 1.42 seconds
Barely noticed it!

Traveler #880, a------------------a: 1.02 seconds
Barely noticed it!

Traveler #881, Mike: 1.72 seconds
Barely noticed it!

Traveler #882, Nick: 1.45 seconds
Barely noticed it!

Traveler #883, Torque: 2.00 seconds
Barely noticed it!

Traveler #884, Glenn: 2.97 seconds
Barely noticed it!

Traveler #885, Stephen: 2.07 seconds
Barely noticed it!

Traveler #886, Mike: 2.26 seconds
Barely noticed it!

Traveler #887, aaaaaaaaaaaaaaaaaaaa: 30.83 seconds
My heart is pounding.

Traveler #888, SteVen: 2.36 seconds
Barely noticed it!

Traveler #889, Mickey: 1.91 seconds
Barely noticed it!

Traveler #890, R-----------a: 1.22 seconds
Barely noticed it!

Traveler #891, aaaaaaaaaaaaaaaaaaaa: 1.20 seconds
Barely noticed it!

Traveler #892, Torque: 1.15 seconds
Barely noticed it!

Traveler #893, SteVen: 1.09 seconds
Barely noticed it!

Traveler #894, Mike: 2.40 seconds
Barely noticed it!

Traveler #895, Torque: 30.55 seconds
My heart is pounding.

Traveler #896, Nick: 1.81 seconds
Barely noticed it!

Traveler #897, Nick: 2.85 seconds
Barely noticed it!

Traveler #898, aaaaaaaaaaaaaaaaaaaa: 0.97 seconds
Barely noticed it!

Traveler #899, Marcos: 1.85 seconds
Barely noticed it!

Traveler #900, SteVen: 3.95 seconds
Barely noticed it!

Traveler #901, Nick: 31.26 seconds
My heart is pounding.

Traveler #902, a------------------a: 11.19 seconds
*shudder*

Traveler #903, R-----------a: 4.40 seconds
Barely noticed it!

Traveler #904, aaaaaaaaaaaaaaaaaaaa: 1.31 seconds
Barely noticed it!

Traveler #905, a------------------a: 10.91 seconds
*shudder*

Traveler #906, Marcos: 1.16 seconds
Barely noticed it!

Traveler #907, R-----------a: 1.92 seconds
Barely noticed it!

Traveler #908, Torque: 1.20 seconds
Barely noticed it!

Traveler #909, Mike: 9.35 seconds
*shudder*

Traveler #910, SteVen: 1.04 seconds
Barely noticed it!

Traveler #911, Mike: 1.80 seconds
Barely noticed it!

Traveler #912, Torque: 3476.70 seconds
Mommy, I want my blanket!

Traveler #913, aaaaaaaaaaaaaaaaaaaa: 1.03 seconds
Barely noticed it!

Traveler #914, Nick: 3.53 seconds
Barely noticed it!

Traveler #915, Torque: 1.19 seconds
Barely noticed it!

Traveler #916, Mike: 2.74 seconds
Barely noticed it!

Traveler #917, Torque: 7.08 seconds
*shudder*

Traveler #918, Mickey: 2.07 seconds
Barely noticed it!

Traveler #919, SteVen: 2.08 seconds
Barely noticed it!

Traveler #920, R-----------a: 3.58 seconds
Barely noticed it!

Traveler #921, R-----------a: 4.41 seconds
Barely noticed it!

Traveler #922, Mickey: 1.57 seconds
Barely noticed it!

Traveler #923, R-----------a: 2.79 seconds
Barely noticed it!

Traveler #924, Nick: 8.90 seconds
*shudder*

Traveler #925, Ness-Smith: 1.60 seconds
Barely noticed it!

Traveler #926, aaaaaaaaaaaaaaaaaaaa: 6.38 seconds
*shudder*

Traveler #927, Glenn: 6.04 seconds
*shudder*

Traveler #928, SteVen: 6.83 seconds
*shudder*

Traveler #929, Marcos: 2.03 seconds
Barely noticed it!

Traveler #930, Mickey: 2.94 seconds
Barely noticed it!

Traveler #931, Marcos: 1.15 seconds
Barely noticed it!

Traveler #932, Marcos: 4.37 seconds
Barely noticed it!

Traveler #933, a------------------a: 1.53 seconds
Barely noticed it!

Traveler #934, Mike: 2.53 seconds
Barely noticed it!

Traveler #935, Stephen: 2.52 seconds
Barely noticed it!

Traveler #936, Ness-Smith: 11.78 seconds
*shudder*

Traveler #937, Stephen: 11.88 seconds
*shudder*

Traveler #938, Marcos: 2.87 seconds
Barely noticed it!

Traveler #939, Stephen: 1.36 seconds
Barely noticed it!

Traveler #940, Mike: 33.55 seconds
My heart is pounding.

Traveler #941, SteVen: 2.00 seconds
Barely noticed it!

Traveler #942, Ness-Smith: 1.09 seconds
Barely noticed it!

Traveler #943, Glenn: 1.29 seconds
Barely noticed it!

Traveler #944, Mickey: 1.47 seconds
Barely noticed it!

Traveler #945, R-----------a: 19.70 seconds
*shudder*

Traveler #946, SteVen: 2.67 seconds
Barely noticed it!

Traveler #947, a------------------a: 20.81 seconds
*shudder*

Traveler #948, aaaaaaaaaaaaaaaaaaaa: 3.74 seconds
Barely noticed it!

Traveler #949, SteVen: 6.04 seconds
*shudder*

Traveler #950, Torque: 2.25 seconds
Barely noticed it!

Traveler #951, Mike: 1.54 seconds
Barely noticed it!

Traveler #952, Stephen: 3.36 seconds
Barely noticed it!

Traveler #953, Marcos: 2.06 seconds
Barely noticed it!

Traveler #954, Torque: 1.50 seconds
Barely noticed it!

Traveler #955, Glenn: 2.24 seconds
Barely noticed it!

Traveler #956, Torque: 9.05 seconds
*shudder*

Traveler #957, Torque: 1.40 seconds
Barely noticed it!

Traveler #958, Stephen: 0.98 seconds
Barely noticed it!

Traveler #959, Mike: 2.95 seconds
Barely noticed it!

Traveler #960, R-----------a: 1.23 seconds
Barely noticed it!

Traveler #961, Torque: 1.35 seconds
Barely noticed it!

Traveler #962, Torque: 4.96 seconds
Barely noticed it!

Traveler #963, Torque: 1.05 seconds
Barely noticed it!

Traveler #964, Stephen: 1.82 seconds
Barely noticed it!

Traveler #965, Marcos: 2.33 seconds
Barely noticed it!

Traveler #966, aaaaaaaaaaaaaaaaaaaa: 3.43 seconds
Barely noticed it!

Traveler #967, SteVen: 1.81 seconds
Barely noticed it!

Traveler #968, a------------------a: 8.14 seconds
*shudder*

Traveler #969, aaaaaaaaaaaaaaaaaaaa: 8.21 seconds
*shudder*

Traveler #970, Marcos: 1.01 seconds
Barely noticed it!

Traveler #971, Glenn: 1.03 seconds
Barely noticed it!

Traveler #972, Marcos: 1.02 seconds
Barely noticed it!

Traveler #973, a------------------a: 1.12 seconds
Barely noticed it!

Traveler #974, aaaaaaaaaaaaaaaaaaaa: 1.43 seconds
Barely noticed it!

Traveler #975, Nick: 4.31 seconds
Barely noticed it!

Traveler #976, Marcos: 53.96 seconds
My heart is pounding.

Traveler #977, Marcos: 5.76 seconds
*shudder*

Traveler #978, aaaaaaaaaaaaaaaaaaaa: 1.46 seconds
Barely noticed it!

Traveler #979, R-----------a: 15.41 seconds
*shudder*

Traveler #980, Torque: 6.24 seconds
*shudder*

Traveler #981, Torque: 8.37 seconds
*shudder*

Traveler #982, Mickey: 3.12 seconds
Barely noticed it!

Traveler #983, R-----------a: 2.15 seconds
Barely noticed it!

Traveler #984, Mike: 2.59 seconds
Barely noticed it!

Traveler #985, Mickey: 1.52 seconds
Barely noticed it!

Traveler #986, Marcos: 1.12 seconds
Barely noticed it!

Traveler #987, Nick: 2.07 seconds
Barely noticed it!

Traveler #988, Mickey: 140.38 seconds
Um, did something move in there?

Traveler #989, Mike: 9.72 seconds
*shudder*

Traveler #990, Mike: 2.80 seconds
Barely noticed it!

Traveler #991, a------------------a: 1.98 seconds
Barely noticed it!

Traveler #992, Ness-Smith: 1.76 seconds
Barely noticed it!

Traveler #993, Marcos: 2.77 seconds
Barely noticed it!

Traveler #994, Torque: 2.97 seconds
Barely noticed it!

Traveler #995, Torque: 15.37 seconds
*shudder*

Traveler #996, a------------------a: 4.48 seconds
Barely noticed it!

Traveler #997, SteVen: 2.55 seconds
Barely noticed it!

Traveler #998, Stephen: 9.63 seconds
*shudder*

Traveler #999, SteVen: 4.07 seconds
Barely noticed it!

Traveler #1000, Nick: 12.42 seconds
*shudder*

Traveler #1001, a------------------a: 1.29 seconds
Barely noticed it!

Traveler #1002, R-----------a: 17.44 seconds
*shudder*

Traveler #1003, aaaaaaaaaaaaaaaaaaaa: 1.13 seconds
Barely noticed it!

